{"decision": "RECHECK", "decision_reason": "Model confidence is only 66.3%. Signal should be re-recorded for a reliable diagnosis.", "triage_urgency": "Routine", "condition": "Normal", "confidence": 66.32, "risk_score": 2, "severity": "MODERATE", "timestamp": "2026-02-20T16:31:10.659371"}
{"decision": "RECHECK", "decision_reason": "Model confidence is only 66.3%. Signal should be re-recorded for a reliable diagnosis.", "triage_urgency": "Routine", "condition": "Normal", "confidence": 66.32, "risk_score": 2, "severity": "MODERATE", "timestamp": "2026-02-20T16:49:45.404910"}
{"decision": "RECHECK", "decision_reason": "Model confidence is only 66.3%. Signal should be re-recorded for a reliable diagnosis.", "triage_urgency": "Routine", "condition": "Normal", "confidence": 66.32, "risk_score": 2, "severity": "MODERATE", "timestamp": "2026-02-20T16:54:06.509391"}
{"decision": "RECHECK", "decision_reason": "Model confidence is only 66.3%. Signal should be re-recorded for a reliable diagnosis.", "triage_urgency": "Routine", "condition": "Normal", "confidence": 66.32, "risk_score": 2, "severity": "MODERATE", "timestamp": "2026-02-20T16:55:27.655607"}
{"decision": "RECHECK", "decision_reason": "Model confidence is only 66.3%. Signal should be re-recorded for a reliable diagnosis.", "triage_urgency": "Routine", "condition": "Normal", "confidence": 66.32, "risk_score": 2, "severity": "MODERATE", "timestamp": "2026-02-20T16:57:43.680052"}
{"decision": "RECHECK", "decision_reason": "Model confidence is only 66.3%. Signal should be re-recorded for a reliable diagnosis.", "triage_urgency": "Routine", "condition": "Normal", "confidence": 66.32, "risk_score": 2, "severity": "MODERATE", "timestamp": "2026-02-20T17:01:16.587608"}
{"decision": "RECHECK", "decision_reason": "Model confidence is only 66.3%. Signal should be re-recorded for a reliable diagnosis.", "triage_urgency": "Routine", "condition": "Normal", "confidence": 66.32, "risk_score": 2, "severity": "MODERATE", "timestamp": "2026-02-20T18:06:38.284727"}
{"decision": "RECHECK", "decision_reason": "Model confidence is only 66.3%. Signal should be re-recorded for a reliable diagnosis.", "triage_urgency": "Routine", "condition": "Normal", "confidence": 66.32, "risk_score": 2, "severity": "MODERATE", "timestamp": "2026-02-20T18:37:20.093508"}
{"decision": "ACCEPT", "decision_reason": "Condition 'PVC' detected with 97.4% confidence. Low risk. Continue monitoring.", "triage_urgency": "Routine", "condition": "PVC", "confidence": 97.39, "risk_score": 2, "severity": "LOW", "timestamp": "2026-02-20T18:38:12.881853"}
{"decision": "ACCEPT", "decision_reason": "Condition 'PVC' detected with 89.9% confidence. Low risk. Continue monitoring.", "triage_urgency": "Routine", "condition": "PVC", "confidence": 89.95, "risk_score": 1, "severity": "LOW", "timestamp": "2026-02-20T18:59:14.470984"}
{"decision": "ACCEPT", "decision_reason": "Condition 'Normal' detected with 75.7% confidence. Low risk. Continue monitoring.", "triage_urgency": "Routine", "condition": "Normal", "confidence": 75.68, "risk_score": 2, "severity": "LOW", "timestamp": "2026-02-20T19:19:13.109957"}
{"decision": "ACCEPT", "decision_reason": "Condition 'PVC' detected with 89.9% confidence. Low risk. Continue monitoring.", "triage_urgency": "Routine", "condition": "PVC", "confidence": 89.95, "risk_score": 1, "severity": "LOW", "timestamp": "2026-02-20T19:23:49.995505"}
{"decision": "ACCEPT", "decision_reason": "Condition 'PVC' detected with 89.9% confidence. Low risk. Continue monitoring.", "triage_urgency": "Routine", "condition": "PVC", "confidence": 89.95, "risk_score": 1, "severity": "LOW", "timestamp": "2026-02-20T19:27:39.679845"}
{"decision": "RECHECK", "decision_reason": "Model confidence is only 66.3%. Signal should be re-recorded for a reliable diagnosis.", "triage_urgency": "Routine", "condition": "Normal", "confidence": 66.32, "risk_score": 2, "severity": "MODERATE", "timestamp": "2026-02-20T19:30:56.336363"}
{"decision": "RECHECK", "decision_reason": "Model confidence is only 66.3%. Signal should be re-recorded for a reliable diagnosis.", "triage_urgency": "Routine", "condition": "Normal", "confidence": 66.32, "risk_score": 2, "severity": "MODERATE", "timestamp": "2026-02-20T19:42:46.328511"}
{"decision": "RECHECK", "decision_reason": "Model confidence is only 66.3%. Signal should be re-recorded for a reliable diagnosis.", "triage_urgency": "Routine", "condition": "Normal", "confidence": 66.32, "risk_score": 2, "severity": "MODERATE", "timestamp": "2026-02-20T19:55:07.025947"}
{"decision": "ACCEPT", "decision_reason": "Condition 'Tachycardia' detected with 98.9% confidence. Low risk. Continue monitoring.", "triage_urgency": "Routine", "condition": "Tachycardia", "confidence": 98.89, "risk_score": 2, "severity": "LOW", "timestamp": "2026-02-20T19:56:57.294941"}
{"decision": "ACCEPT", "decision_reason": "Condition 'Tachycardia' detected with 98.9% confidence. Low risk. Continue monitoring.", "triage_urgency": "Routine", "condition": "Tachycardia", "confidence": 98.89, "risk_score": 2, "severity": "LOW", "timestamp": "2026-02-20T19:57:10.463120"}
{"decision": "ACCEPT", "decision_reason": "Condition 'Normal' detected with 100.0% confidence. Low risk. Continue monitoring.", "triage_urgency": "Routine", "condition": "Normal", "confidence": 100.0, "risk_score": 2, "severity": "LOW", "timestamp": "2026-02-20T19:58:30.507072"}
{"decision": "ACCEPT", "decision_reason": "Condition 'Normal' detected with 75.7% confidence. Low risk. Continue monitoring.", "triage_urgency": "Routine", "condition": "Normal", "confidence": 75.68, "risk_score": 2, "severity": "LOW", "timestamp": "2026-02-20T19:59:16.936550"}
{"decision": "RECHECK", "decision_reason": "Model confidence is only 66.3%. Signal should be re-recorded for a reliable diagnosis.", "triage_urgency": "Routine", "condition": "Normal", "confidence": 66.32, "risk_score": 2, "severity": "MODERATE", "timestamp": "2026-02-20T20:20:50.911996"}
{"decision": "ACCEPT", "decision_reason": "Condition 'PVC' detected with 97.4% confidence. Low risk. Continue monitoring.", "triage_urgency": "Routine", "condition": "PVC", "confidence": 97.39, "risk_score": 2, "severity": "LOW", "timestamp": "2026-02-20T21:29:41.917643"}
{"decision": "RECHECK", "decision_reason": "Model confidence is only 60.4%. Signal should be re-recorded for a reliable diagnosis.", "triage_urgency": "Routine", "condition": "Tachycardia", "confidence": 60.45, "risk_score": 2, "severity": "MODERATE", "timestamp": "2026-02-20T21:30:48.681388"}
{"decision": "RECHECK", "decision_reason": "Model confidence is only 66.3%. Signal should be re-recorded for a reliable diagnosis.", "triage_urgency": "Routine", "condition": "Normal", "confidence": 66.32, "risk_score": 2, "severity": "MODERATE", "timestamp": "2026-02-21T07:59:29.125945"}
{"decision": "RECHECK", "decision_reason": "Model confidence is only 66.3%. Signal should be re-recorded for a reliable diagnosis.", "triage_urgency": "Routine", "condition": "Normal", "confidence": 66.32, "risk_score": 2, "severity": "MODERATE", "timestamp": "2026-02-21T08:50:19.198558"}
{"decision": "ACCEPT", "decision_reason": "Condition 'Normal' detected with 100.0% confidence. Low risk. Continue monitoring.", "triage_urgency": "Routine", "condition": "Normal", "confidence": 100.0, "risk_score": 2, "severity": "LOW", "timestamp": "2026-02-21T08:52:24.436570"}
{"decision": "RECHECK", "decision_reason": "Model confidence is only 66.3%. Signal should be re-recorded for a reliable diagnosis.", "triage_urgency": "Routine", "condition": "Normal", "confidence": 66.32, "risk_score": 2, "severity": "MODERATE", "timestamp": "2026-02-21T09:00:58.924126"}
{"decision": "RECHECK", "decision_reason": "Model confidence is only 66.3%. Signal should be re-recorded for a reliable diagnosis.", "triage_urgency": "Routine", "condition": "Normal", "confidence": 66.32, "risk_score": 2, "severity": "MODERATE", "timestamp": "2026-02-21T09:20:22.594992"}
{"decision": "RECHECK", "decision_reason": "Model confidence is only 66.3%. Signal should be re-recorded for a reliable diagnosis.", "triage_urgency": "Routine", "condition": "Normal", "confidence": 66.32, "risk_score": 2, "severity": "MODERATE", "timestamp": "2026-02-21T09:25:41.887274"}
{"decision": "RECHECK", "decision_reason": "Model confidence is only 66.3%. Signal should be re-recorded for a reliable diagnosis.", "triage_urgency": "Routine", "condition": "Normal", "confidence": 66.32, "risk_score": 2, "severity": "MODERATE", "timestamp": "2026-02-21T09:33:16.758850"}
{"decision": "RECHECK", "decision_reason": "Model confidence is only 66.3%. Signal should be re-recorded for a reliable diagnosis.", "triage_urgency": "Routine", "condition": "Normal", "confidence": 66.32, "risk_score": 2, "severity": "MODERATE", "timestamp": "2026-02-21T09:35:49.701746"}
{"decision": "RECHECK", "decision_reason": "Model confidence is only 66.3%. Signal should be re-recorded for a reliable diagnosis.", "triage_urgency": "Routine", "condition": "Normal", "confidence": 66.32, "risk_score": 2, "severity": "MODERATE", "timestamp": "2026-02-21T09:57:44.227316"}
{"decision": "ACCEPT", "decision_reason": "Condition 'Normal' detected with 75.7% confidence. Low risk. Continue monitoring.", "triage_urgency": "Routine", "condition": "Normal", "confidence": 75.68, "risk_score": 2, "severity": "LOW", "timestamp": "2026-02-21T11:02:18.457616"}
{"decision": "REJECT", "decision_reason": "Signal quality is too low to make a reliable diagnosis. Please re-record the ECG.", "triage_urgency": "Routine", "condition": "Normal", "confidence": 50.26, "risk_score": 0, "severity": "MODERATE", "timestamp": "2026-02-21T11:06:46.611328"}
{"decision": "REJECT", "decision_reason": "Signal quality is too low to make a reliable diagnosis. Please re-record the ECG.", "triage_urgency": "Routine", "condition": "PVC", "confidence": 91.39, "risk_score": 0, "severity": "LOW", "timestamp": "2026-02-21T11:09:46.078241"}
{"decision": "RECHECK", "decision_reason": "Model confidence is only 66.3%. Signal should be re-recorded for a reliable diagnosis.", "triage_urgency": "Routine", "condition": "Normal", "confidence": 66.32, "risk_score": 2, "severity": "MODERATE", "timestamp": "2026-04-04T00:29:18.079727"}
